<?xml version="1.0" encoding="UTF-8"?>
<!-- Generated by org.testng.reporters.JUnitXMLReporter -->
<testsuite ignored="0" hostname="DESKTOP-N339P1I" failures="0" tests="6" name="Surefire test" time="32.705" errors="0" timestamp="2024-12-17T22:38:11 EET">
  <testcase classname="aqa_course.api.Test1" name="TestMethod_1" time="0.069"/>
  <testcase classname="aqa_course.api.Test2" name="TestMethod_2" time="0.002"/>
  <testcase classname="aqa_course.api.Test3" name="TestMethod_3" time="0.002"/>
  <testcase classname="aqa_course.ui.AlbumAppleMusicTest" name="openAlbum" time="21.877"/>
  <testcase classname="aqa_course.ui.CheckScheduleAppleMusicTest" name="testCheckRadioSchedule" time="3.012"/>
  <testcase classname="aqa_course.ui.StartAppleMusicTest" name="playMusic" time="7.536"/>
</testsuite> <!-- Surefire test -->
