<?xml version="1.0" encoding="UTF-8"?>
<testsuite xmlns:xsi="http://www.w3.org/2001/XMLSchema-instance" xsi:noNamespaceSchemaLocation="https://maven.apache.org/surefire/maven-surefire-plugin/xsd/surefire-test-report.xsd" name="TestSuite" time="45.991" tests="7" errors="0" skipped="0" failures="1">
  <properties>
[...]
</properties>
  <testcase name="testCreateBoard" classname="aqa_course.api.CreateBoardTest" time="5.361"/>
  <testcase name="testCreateCard" classname="aqa_course.api.CreateCardTest" time="3.344"/>
  <testcase name="testCreateList" classname="aqa_course.api.CreateListTest" time="2.234"/>
  <testcase name="openAlbum" classname="aqa_course.ui.AlbumAppleMusicTest" time="13.97"/>
  <testcase name="testCheckRadioSchedule" classname="aqa_course.ui.CheckScheduleAppleMusicTest" time="3.059"/>
  <testcase name="playMusic" classname="aqa_course.ui.StartAppleMusicTest" time="7.447"/>
  <testcase name="playMusicFail" classname="aqa_course.ui.StartAppleMusicTest" time="7.684">
    <failure type="java.lang.AssertionError:">java.lang.AssertionError: null
	at aqa_course.ui.StartAppleMusicTest.playMusicFail(StartAppleMusicTest.java:24)
</failure>
    <system-out><![CDATA[2024-12-18 08:05:42 INFO  AppleMusicBO - Checking search results for musician
error while checking the results: no such element: Unable to locate element: {"method":"css selector","selector":"#contents"}
  (Session info: chrome=131.0.6778.140)
For documentation on this error, please visit: https://www.selenium.dev/documentation/webdriver/troubleshooting/errors#no-such-element-exception
Build info: version: '4.25.0', revision: '8a8aea2337'
System info: os.name: 'Windows 10', os.arch: 'amd64', os.version: '10.0', java.version: '22.0.2'
Driver info: org.openqa.selenium.chrome.ChromeDriver
Command: [a1abef4a4f5e723f23d632b38c4ac3a0, findElement {using=id, value=contents}]
Capabilities {acceptInsecureCerts: false, browserName: chrome, browserVersion: 131.0.6778.140, chrome: {chromedriverVersion: 131.0.6778.108 (3b014839fbc..., userDataDir: C:\Users\Lord\AppData\Local...}, fedcm:accounts: true, goog:chromeOptions: {debuggerAddress: localhost:50294}, networkConnectionEnabled: false, pageLoadStrategy: normal, platformName: windows, proxy: Proxy(), se:cdp: ws://localhost:50294/devtoo..., se:cdpVersion: 131.0.6778.140, setWindowRect: true, strictFileInteractability: false, timeouts: {implicit: 0, pageLoad: 300000, script: 30000}, unhandledPromptBehavior: dismiss and notify, webauthn:extension:credBlob: true, webauthn:extension:largeBlob: true, webauthn:extension:minPinLength: true, webauthn:extension:prf: true, webauthn:virtualAuthenticators: true}
Session ID: a1abef4a4f5e723f23d632b38c4ac3a0
Attached DOM
Made Screenshot
Saved page HTML source to: C:\Users\Lord\IdeaProjects\AQA_PetProject\allure-results\html-codespagesource1734501944392.html
]]></system-out>
  </testcase>
</testsuite>